mode: set
dev08/task.go:13.30,14.9 1 1
dev08/task.go:15.21,16.36 1 1
dev08/task.go:17.22,18.49 1 1
dev08/task.go:19.10,21.17 2 1
dev08/task.go:21.17,23.4 1 1
dev08/task.go:28.18,30.16 2 1
dev08/task.go:30.16,32.3 1 0
dev08/task.go:33.2,33.18 1 1
dev08/task.go:37.33,39.2 1 1
dev08/task.go:42.32,43.19 1 1
dev08/task.go:43.19,45.17 2 1
dev08/task.go:45.17,47.4 1 1
dev08/task.go:48.8,50.3 1 1
dev08/task.go:54.17,57.16 3 1
dev08/task.go:57.16,59.3 1 0
dev08/task.go:59.8,61.3 1 1
dev08/task.go:65.46,69.27 4 1
dev08/task.go:69.27,72.21 3 1
dev08/task.go:72.21,74.23 2 1
dev08/task.go:74.23,76.5 1 1
dev08/task.go:77.4,78.18 2 1
dev08/task.go:78.18,81.5 2 0
dev08/task.go:84.2,84.29 1 1
dev08/task.go:87.40,88.6 1 1
dev08/task.go:88.6,91.17 3 1
dev08/task.go:91.17,93.4 1 1
dev08/task.go:94.3,97.10 3 1
dev08/task.go:98.26,99.14 1 1
dev08/task.go:100.39,101.36 1 1
dev08/task.go:102.42,104.18 2 1
dev08/task.go:105.25,106.15 1 1
dev08/task.go:107.44,108.27 1 1
dev08/task.go:109.44,111.20 2 1
dev08/task.go:112.24,113.14 1 1
dev08/task.go:114.11,117.18 3 1
dev08/task.go:117.18,119.5 1 1
dev08/task.go:119.10,121.5 1 1
dev08/task.go:126.13,129.16 3 0
dev08/task.go:129.16,132.3 2 0
